Using pre-set license
Built from '2020.2/release' branch; Version is '2020.2.2f1 (068178b99f32) revision 426360'; Using compiler version '192528614'; Build Type 'Release'
OS: 'Windows 10 Pro; OS build 19042.867; Version 2009; 64bit' Language: 'en' Physical Memory: 16325 MB
BatchMode: 1, IsHumanControllingUs: 0, StartBugReporterOnCrash: 0, Is64bit: 1, IsPro: 0

 COMMAND LINE ARGUMENTS:
C:\Program Files\Unity\Hub\Editor\2020.2.2f1\Editor\Unity.exe
-adb2
-batchMode
-noUpm
-name
AssetImportWorker2
-projectPath
E:/Columbia/Spring2021/Examples/HeroBorn2
-logFile
Logs/AssetImportWorker2.log
-srvPort
55774
Successfully changed project path to: E:/Columbia/Spring2021/Examples/HeroBorn2
E:/Columbia/Spring2021/Examples/HeroBorn2
Using Asset Import Pipeline V2.
Refreshing native plugins compatible for Editor in 36.66 ms, found 0 plugins.
Preloading 0 native plugins for Editor in 0.00 ms.
Initialize engine version: 2020.2.2f1 (068178b99f32)
[Subsystems] Discovering subsystems at path C:/Program Files/Unity/Hub/Editor/2020.2.2f1/Editor/Data/Resources/UnitySubsystems
[Subsystems] Discovering subsystems at path E:/Columbia/Spring2021/Examples/HeroBorn2/Assets
GfxDevice: creating device client; threaded=0
Direct3D:
    Version:  Direct3D 11.0 [level 11.1]
    Renderer: NVIDIA GeForce GTX 1070 (ID=0x1b81)
    Vendor:   
    VRAM:     8088 MB
    Driver:   27.21.14.6140
Initialize mono
Mono path[0] = 'C:/Program Files/Unity/Hub/Editor/2020.2.2f1/Editor/Data/Managed'
Mono path[1] = 'C:/Program Files/Unity/Hub/Editor/2020.2.2f1/Editor/Data/MonoBleedingEdge/lib/mono/unityjit'
Mono config path = 'C:/Program Files/Unity/Hub/Editor/2020.2.2f1/Editor/Data/MonoBleedingEdge/etc'
Using monoOptions --debugger-agent=transport=dt_socket,embedding=1,server=y,suspend=n,address=127.0.0.1:56204
Begin MonoManager ReloadAssembly
Registering precompiled unity dll's ...
Register platform support module: C:/Program Files/Unity/Hub/Editor/2020.2.2f1/Editor/Data/PlaybackEngines/WebGLSupport/UnityEditor.WebGL.Extensions.dll
Register platform support module: C:/Program Files/Unity/Hub/Editor/2020.2.2f1/Editor/Data/PlaybackEngines/WindowsStandaloneSupport/UnityEditor.WindowsStandalone.Extensions.dll
Registered in 0.004393 seconds.
Native extension for WindowsStandalone target not found
Native extension for WebGL target not found
Refreshing native plugins compatible for Editor in 48.26 ms, found 0 plugins.
Preloading 0 native plugins for Editor in 0.00 ms.
Invoked RoslynAnalysisRunner static constructor.
RoslynAnalysisRunner will not be running.
RoslynAnalysisRunner has terminated.
Mono: successfully reloaded assembly
- Completed reload, in  2.093 seconds
Platform modules already initialized, skipping
Registering precompiled user dll's ...
Registered in 0.002318 seconds.
Begin MonoManager ReloadAssembly
Native extension for WindowsStandalone target not found
Native extension for WebGL target not found
Refreshing native plugins compatible for Editor in 0.33 ms, found 0 plugins.
Preloading 0 native plugins for Editor in 0.00 ms.
Invoked RoslynAnalysisRunner static constructor.
RoslynAnalysisRunner will not be running.
RoslynAnalysisRunner has terminated.
Mono: successfully reloaded assembly
- Completed reload, in  1.614 seconds
Platform modules already initialized, skipping
========================================================================
Worker process is ready to serve import requests
Launched and connected shader compiler UnityShaderCompiler.exe after 0.10 seconds
Refreshing native plugins compatible for Editor in 0.21 ms, found 0 plugins.
Preloading 0 native plugins for Editor in 0.00 ms.
Unloading 1099 Unused Serialized files (Serialized files now loaded: 0)
System memory in use before: 56.7 MB.
System memory in use after: 56.8 MB.

Unloading 10 unused Assets to reduce memory usage. Loaded Objects now: 1540.
Total: 1.929200 ms (FindLiveObjects: 0.314900 ms CreateObjectMapping: 0.041800 ms MarkObjects: 1.467700 ms  DeleteObjects: 0.103200 ms)

========================================================================
Received Import Request.
  path: Assets/Materials/Yellow.mat
  artifactKey: Guid(6c4eed482e160a74a825b89c8610e4e7) Importer(815301076,1909f56bfc062723c751e8b465ee728b)
Start importing Assets/Materials/Yellow.mat using Guid(6c4eed482e160a74a825b89c8610e4e7) Importer(815301076,1909f56bfc062723c751e8b465ee728b)  -> (artifact id: '552d262446d45b89ab7e0cb1006a074e') in 0.186621 seconds
  Import took 0.250037 seconds .

========================================================================
Received Import Request.
  Time since last request: 48.523587 seconds.
  path: Assets/Scripts
  artifactKey: Guid(18fb862f066cfda4584d6e48eb1b77a3) Importer(815301076,1909f56bfc062723c751e8b465ee728b)
Start importing Assets/Scripts using Guid(18fb862f066cfda4584d6e48eb1b77a3) Importer(815301076,1909f56bfc062723c751e8b465ee728b)  -> (artifact id: 'b11208b0286f8d5c60cc4c0f84b0d036') in 0.003285 seconds
  Import took 0.006183 seconds .

========================================================================
Received Import Request.
  Time since last request: 19.786806 seconds.
  path: Assets/Scripts/EnemyBehavior.cs
  artifactKey: Guid(d3ddd96abedb837439ce2820df127b2c) Importer(815301076,1909f56bfc062723c751e8b465ee728b)
Start importing Assets/Scripts/EnemyBehavior.cs using Guid(d3ddd96abedb837439ce2820df127b2c) Importer(815301076,1909f56bfc062723c751e8b465ee728b)  -> (artifact id: '443efdb4d104e0d20878a921ea60c043') in 0.013736 seconds
  Import took 0.024712 seconds .

========================================================================
Received Prepare
Registering precompiled user dll's ...
Registered in 0.001342 seconds.
Begin MonoManager ReloadAssembly
Native extension for WindowsStandalone target not found
Native extension for WebGL target not found
Refreshing native plugins compatible for Editor in 0.23 ms, found 0 plugins.
Preloading 0 native plugins for Editor in 0.00 ms.
Invoked RoslynAnalysisRunner static constructor.
RoslynAnalysisRunner will not be running.
RoslynAnalysisRunner has terminated.
Mono: successfully reloaded assembly
- Completed reload, in  0.973 seconds
Platform modules already initialized, skipping
Refreshing native plugins compatible for Editor in 0.19 ms, found 0 plugins.
Preloading 0 native plugins for Editor in 0.00 ms.
Unloading 1095 Unused Serialized files (Serialized files now loaded: 0)
System memory in use before: 60.1 MB.
System memory in use after: 60.2 MB.

Unloading 5 unused Assets to reduce memory usage. Loaded Objects now: 1583.
Total: 2.031100 ms (FindLiveObjects: 0.245200 ms CreateObjectMapping: 0.087600 ms MarkObjects: 1.610300 ms  DeleteObjects: 0.086400 ms)

========================================================================
Received Prepare
Registering precompiled user dll's ...
Registered in 0.000997 seconds.
Begin MonoManager ReloadAssembly
Native extension for WindowsStandalone target not found
Native extension for WebGL target not found
Refreshing native plugins compatible for Editor in 0.44 ms, found 0 plugins.
Preloading 0 native plugins for Editor in 0.00 ms.
Invoked RoslynAnalysisRunner static constructor.
RoslynAnalysisRunner will not be running.
RoslynAnalysisRunner has terminated.
Mono: successfully reloaded assembly
- Completed reload, in  6.782 seconds
Platform modules already initialized, skipping
Refreshing native plugins compatible for Editor in 0.19 ms, found 0 plugins.
Preloading 0 native plugins for Editor in 0.00 ms.
Unloading 1095 Unused Serialized files (Serialized files now loaded: 0)
System memory in use before: 60.3 MB.
System memory in use after: 60.4 MB.

Unloading 5 unused Assets to reduce memory usage. Loaded Objects now: 1585.
Total: 1.955500 ms (FindLiveObjects: 0.230100 ms CreateObjectMapping: 0.060900 ms MarkObjects: 1.576000 ms  DeleteObjects: 0.086900 ms)

========================================================================
Received Import Request.
  Time since last request: 641.901646 seconds.
  path: Assets/Prefabs/Enemy.prefab
  artifactKey: Guid(5c748ea897367a84f87c24bc9e1f0494) Importer(815301076,1909f56bfc062723c751e8b465ee728b)
Start importing Assets/Prefabs/Enemy.prefab using Guid(5c748ea897367a84f87c24bc9e1f0494) Importer(815301076,1909f56bfc062723c751e8b465ee728b)  -> (artifact id: '262bf1f6d8e91b59aa84e503e062a57c') in 0.072572 seconds
  Import took 0.085166 seconds .

========================================================================
Received Import Request.
  Time since last request: 1424.802925 seconds.
  path: Assets/Materials/Ground_Mat 1.mat
  artifactKey: Guid(75af7c12c4cecef47a88376b082866c9) Importer(815301076,1909f56bfc062723c751e8b465ee728b)
Start importing Assets/Materials/Ground_Mat 1.mat using Guid(75af7c12c4cecef47a88376b082866c9) Importer(815301076,1909f56bfc062723c751e8b465ee728b)  -> (artifact id: 'a2acdaeef8dfc9981d142ac60d112854') in 0.035592 seconds
  Import took 0.057525 seconds .

========================================================================
Received Import Request.
  Time since last request: 0.000438 seconds.
  path: Assets/Materials/Red.mat
  artifactKey: Guid(4746028e385072f4dbdbfee1ccb478e4) Importer(815301076,1909f56bfc062723c751e8b465ee728b)
Start importing Assets/Materials/Red.mat using Guid(4746028e385072f4dbdbfee1ccb478e4) Importer(815301076,1909f56bfc062723c751e8b465ee728b)  -> (artifact id: '5bfa100d5a8786f94b22bff291e119bb') in 0.010002 seconds
  Import took 0.044235 seconds .

========================================================================
Received Import Request.
  Time since last request: 0.004888 seconds.
  path: Assets/Materials/Red.mat
  artifactKey: Guid(4746028e385072f4dbdbfee1ccb478e4) Importer(815301076,1909f56bfc062723c751e8b465ee728b)
Start importing Assets/Materials/Red.mat using Guid(4746028e385072f4dbdbfee1ccb478e4) Importer(815301076,1909f56bfc062723c751e8b465ee728b)  -> (artifact id: '5bfa100d5a8786f94b22bff291e119bb') in 0.013065 seconds
  Import took 0.015047 seconds .

========================================================================
Received Import Request.
  Time since last request: 53.561265 seconds.
  path: Assets/Prefabs/Player.prefab
  artifactKey: Guid(639a0280c8ac12649860045f9965fd59) Importer(815301076,1909f56bfc062723c751e8b465ee728b)
Start importing Assets/Prefabs/Player.prefab using Guid(639a0280c8ac12649860045f9965fd59) Importer(815301076,1909f56bfc062723c751e8b465ee728b)  -> (artifact id: '23cf817eaa4932edb828f37e35a4b4fd') in 0.010730 seconds
  Import took 0.023735 seconds .

AssetImportWorkerClient::OnTransportError - code=2 error=End of file
